<?xml version="1.0" encoding="UTF-8"?>
<testsuite xmlns:xsi="http://www.w3.org/2001/XMLSchema-instance" xsi:noNamespaceSchemaLocation="https://maven.apache.org/surefire/maven-surefire-plugin/xsd/surefire-test-report.xsd" name="com.cms.CourseControllerTest" time="0.828" tests="14" errors="0" skipped="0" failures="0">
  <properties>
[...]
</properties>
  <testcase name="test124RestApiCallForViewFeedbackRatingForInvalidToken" classname="com.cms.CourseControllerTest" time="0.727"/>
  <testcase name="test123RestApiCallForUpdateCourseForInvalidId" classname="com.cms.CourseControllerTest" time="0.014"/>
  <testcase name="test123RestApiCallForUpdateCourseForInvalidToken" classname="com.cms.CourseControllerTest" time="0.002"/>
  <testcase name="test126RestApiCallForAddCourse" classname="com.cms.CourseControllerTest" time="0.008"/>
  <testcase name="test122RestApiCallForViewByCourseIdForInvalidToken" classname="com.cms.CourseControllerTest" time="0.003"/>
  <testcase name="test126RestApiCallForAddCourseForInvalidToken" classname="com.cms.CourseControllerTest" time="0.002"/>
  <testcase name="test124RestApiCallForViewFeedbackRatingForInvalidId" classname="com.cms.CourseControllerTest" time="0.003"/>
  <testcase name="test122RestApiCallForViewByCourseId" classname="com.cms.CourseControllerTest" time="0.002"/>
  <testcase name="test123RestApiCallForUpdateCourse" classname="com.cms.CourseControllerTest" time="0.002"/>
  <testcase name="test122RestApiCallForViewByCourseIdForInvalidId" classname="com.cms.CourseControllerTest" time="0.002"/>
  <testcase name="test125RestApiCallForCalculateAverageFeedbackForInvalidId" classname="com.cms.CourseControllerTest" time="0.006"/>
  <testcase name="test125RestApiCallForCalculateAverageFeedback" classname="com.cms.CourseControllerTest" time="0.002"/>
  <testcase name="test124RestApiCallForViewFeedbackRating" classname="com.cms.CourseControllerTest" time="0.001"/>
  <testcase name="test125RestApiCallForCalculateAverageFeedbackForInvalidToken" classname="com.cms.CourseControllerTest" time="0.001"/>
</testsuite>